<?xml version="1.0" encoding="UTF-8"?>
<!-- Generated by org.testng.reporters.JUnitXMLReporter -->
<testsuite ignored="4" hostname="DESKTOP-A5CHD3A" failures="0" tests="4" name="Test" time="28.449" errors="0" timestamp="2023-12-26T15:14:45 IST">
  <testcase classname="testScripts.BooksTest" name="sortBooksByNameAndPrice_002" time="6.036"/>
  <testcase classname="testScripts.BooksTest" name="sortBooksByPageSize_003" time="3.277"/>
  <testcase classname="testScripts.BooksTest" name="verifyBookPage_001" time="0.549"/>
  <testcase classname="testScripts.JewelryTest" name="diamondHeartTest_001" time="1.307"/>
  <testcase classname="genericLibrary.BaseClass" name="@BeforeTest beforeTest" time="0.0">
    <ignored/>
  </testcase> <!-- @BeforeTest beforeTest -->
  <testcase classname="genericLibrary.BaseClass" name="@BeforeSuite beforeSuit" time="0.0">
    <ignored/>
  </testcase> <!-- @BeforeSuite beforeSuit -->
  <testcase classname="genericLibrary.BaseClass" name="@AfterSuite afterSuite" time="0.0">
    <ignored/>
  </testcase> <!-- @AfterSuite afterSuite -->
  <testcase classname="genericLibrary.BaseClass" name="@AfterTest afterTest" time="0.0">
    <ignored/>
  </testcase> <!-- @AfterTest afterTest -->
</testsuite> <!-- Test -->
