<?xml version="1.0" encoding="UTF-8"?>
<testng-results ignored="0" total="1" passed="1" failed="0" skipped="0">
  <reporter-output>
    <line>
      <![CDATA[Before test]]>
    </line>
    <line>
      <![CDATA[Before class]]>
    </line>
    <line>
      <![CDATA[Login]]>
    </line>
    <line>
      <![CDATA[Verify books pageis displayed]]>
    </line>
    <line>
      <![CDATA[Test case Completed and It passed]]>
    </line>
    <line>
      <![CDATA[Log out]]>
    </line>
    <line>
      <![CDATA[After class]]>
    </line>
    <line>
      <![CDATA[After test]]>
    </line>
    <line>
      <![CDATA[Close connection to database]]>
    </line>
  </reporter-output>
  <suite started-at="2023-12-27T14:42:36 IST" name="Default suite" finished-at="2023-12-27T14:42:43 IST" duration-ms="7536">
    <groups>
    </groups>
    <test started-at="2023-12-27T14:42:36 IST" name="Default test" finished-at="2023-12-27T14:42:43 IST" duration-ms="7536">
      <class name="testScripts.BooksTest">
        <test-method is-config="true" signature="beforeSuit()[pri:0, instance:testScripts.BooksTest@8458f04]" started-at="2023-12-27T14:42:36 IST" name="beforeSuit" finished-at="2023-12-27T14:42:36 IST" duration-ms="125" status="PASS">
          <reporter-output>
          </reporter-output>
        </test-method> <!-- beforeSuit -->
        <test-method is-config="true" signature="beforeTest()[pri:0, instance:testScripts.BooksTest@8458f04]" started-at="2023-12-27T14:42:36 IST" name="beforeTest" finished-at="2023-12-27T14:42:36 IST" duration-ms="1" status="PASS">
          <reporter-output>
            <line>
              <![CDATA[Before test]]>
            </line>
          </reporter-output>
        </test-method> <!-- beforeTest -->
        <test-method is-config="true" signature="beforeClass()[pri:0, instance:testScripts.BooksTest@8458f04]" started-at="2023-12-27T14:42:36 IST" name="beforeClass" finished-at="2023-12-27T14:42:40 IST" duration-ms="4122" status="PASS">
          <reporter-output>
            <line>
              <![CDATA[Before class]]>
            </line>
          </reporter-output>
        </test-method> <!-- beforeClass -->
        <test-method is-config="true" signature="beforeMethod(java.lang.reflect.Method)[pri:0, instance:testScripts.BooksTest@8458f04]" started-at="2023-12-27T14:42:40 IST" name="beforeMethod" finished-at="2023-12-27T14:42:41 IST" duration-ms="1405" status="PASS">
          <params>
            <param index="0">
              <value>
                <![CDATA[public void testScripts.BooksTest.verifyBookPage_001()]]>
              </value>
            </param>
          </params>
          <reporter-output>
            <line>
              <![CDATA[Login]]>
            </line>
          </reporter-output>
        </test-method> <!-- beforeMethod -->
        <test-method signature="verifyBookPage_001()[pri:0, instance:testScripts.BooksTest@8458f04]" started-at="2023-12-27T14:42:41 IST" name="verifyBookPage_001" finished-at="2023-12-27T14:42:42 IST" duration-ms="1026" status="PASS">
          <reporter-output>
            <line>
              <![CDATA[Verify books pageis displayed]]>
            </line>
            <line>
              <![CDATA[Test case Completed and It passed]]>
            </line>
          </reporter-output>
        </test-method> <!-- verifyBookPage_001 -->
        <test-method is-config="true" signature="aftermethod()[pri:0, instance:testScripts.BooksTest@8458f04]" started-at="2023-12-27T14:42:42 IST" name="aftermethod" finished-at="2023-12-27T14:42:43 IST" duration-ms="745" status="PASS">
          <reporter-output>
            <line>
              <![CDATA[Log out]]>
            </line>
          </reporter-output>
        </test-method> <!-- aftermethod -->
        <test-method is-config="true" signature="afterClass()[pri:0, instance:testScripts.BooksTest@8458f04]" started-at="2023-12-27T14:42:43 IST" name="afterClass" finished-at="2023-12-27T14:42:43 IST" duration-ms="198" status="PASS">
          <reporter-output>
            <line>
              <![CDATA[After class]]>
            </line>
          </reporter-output>
        </test-method> <!-- afterClass -->
        <test-method is-config="true" signature="afterTest()[pri:0, instance:testScripts.BooksTest@8458f04]" started-at="2023-12-27T14:42:43 IST" name="afterTest" finished-at="2023-12-27T14:42:43 IST" duration-ms="2" status="PASS">
          <reporter-output>
            <line>
              <![CDATA[After test]]>
            </line>
          </reporter-output>
        </test-method> <!-- afterTest -->
        <test-method is-config="true" signature="afterSuite()[pri:0, instance:testScripts.BooksTest@8458f04]" started-at="2023-12-27T14:42:43 IST" name="afterSuite" finished-at="2023-12-27T14:42:44 IST" duration-ms="334" status="PASS">
          <reporter-output>
            <line>
              <![CDATA[Close connection to database]]>
            </line>
          </reporter-output>
        </test-method> <!-- afterSuite -->
      </class> <!-- testScripts.BooksTest -->
    </test> <!-- Default test -->
  </suite> <!-- Default suite -->
</testng-results>
