<?xml version="1.0" encoding="UTF-8"?>
<!-- Generated by org.testng.reporters.JUnitXMLReporter -->
<testsuite ignored="2" hostname="DESKTOP-A5CHD3A" failures="0" tests="1" name="Default test" time="7.536" errors="0" timestamp="2023-12-27T14:42:43 IST">
  <testcase classname="testScripts.BooksTest" name="verifyBookPage_001" time="1.026"/>
  <testcase classname="testScripts.BooksTest" name="sortBooksByNameAndPrice_002" time="0.0">
    <ignored/>
  </testcase> <!-- sortBooksByNameAndPrice_002 -->
  <testcase classname="testScripts.BooksTest" name="sortBooksByPageSize_003" time="0.0">
    <ignored/>
  </testcase> <!-- sortBooksByPageSize_003 -->
</testsuite> <!-- Default test -->
